-------------------------------------------------------------------------------
Test set: com.configServer.ConfigServerApplicationTests
-------------------------------------------------------------------------------
Tests run: 1, Failures: 0, Errors: 1, Skipped: 0, Time elapsed: 6.303 s <<< FAILURE! - in com.configServer.ConfigServerApplicationTests
contextLoads  Time elapsed: 0.001 s  <<< ERROR!
java.lang.IllegalStateException: Failed to load ApplicationContext
Caused by: org.springframework.beans.factory.BeanCreationException: Error creating bean with name 'defaultEnvironmentRepository' defined in class path resource [org/springframework/cloud/config/server/config/DefaultRepositoryConfiguration.class]: Invocation of init method failed; nested exception is org.eclipse.jgit.api.errors.RefNotFoundException: Ref master cannot be resolved
Caused by: org.eclipse.jgit.api.errors.RefNotFoundException: Ref master cannot be resolved

